# JRE version: OpenJDK Runtime Environment (21.0.8) (build 21.0.8+-14018985-b1038.68)
# Java VM: OpenJDK 64-Bit Server VM (21.0.8+-14018985-b1038.68, mixed mode, tiered, compressed oops, compressed class ptrs, g1 gc, windows-amd64)
GC Precious Log:
 CardTable entry size: 512
 Card Set container configuration: InlinePtr #cards 5 size 8 Array Of Cards #cards 12 size 40 Howl #buckets 4 coarsen threshold 1843 Howl Bitmap #cards 512 size 80 coarsen threshold 460 Card regions per heap region 1 cards per card region 2048
 CPUs: 16 total, 16 available
 Memory: 14173M
 Large Page Support: Disabled
 NUMA Support: Disabled
 Compressed Oops: Enabled (32-bit)
 Heap Region Size: 1M
 Heap Min Capacity: 8M
 Heap Initial Capacity: 222M
 Heap Max Capacity: 2G
 Pre-touch: Disabled
 Parallel Workers: 13
 Concurrent Workers: 3
 Concurrent Refinement Workers: 13
 Periodic GC: Disabled
Heap:
 garbage-first heap   total 88064K, used 63023K [0x0000000080000000, 0x0000000100000000)
  region size 1024K, 3 young (3072K), 3 survivors (3072K)
 Metaspace       used 41661K, committed 42688K, reserved 1114112K
  class space    used 5914K, committed 6400K, reserved 1048576K
GC Heap History (19 events):
Event: 0.364 GC heap before
{Heap before GC invocations=0 (full 0):
 garbage-first heap   total 227328K, used 22528K [0x0000000080000000, 0x0000000100000000)
  region size 1024K, 23 young (23552K), 0 survivors (0K)
 Metaspace       used 7817K, committed 7936K, reserved 1114112K
  class space    used 724K, committed 768K, reserved 1048576K
}
Event: 0.366 GC heap after
{Heap after GC invocations=1 (full 0):
 garbage-first heap   total 227328K, used 1689K [0x0000000080000000, 0x0000000100000000)
  region size 1024K, 2 young (2048K), 2 survivors (2048K)
 Metaspace       used 7817K, committed 7936K, reserved 1114112K
  class space    used 724K, committed 768K, reserved 1048576K
}
Event: 0.818 GC heap before
{Heap before GC invocations=1 (full 0):
 garbage-first heap   total 227328K, used 40601K [0x0000000080000000, 0x0000000100000000)
  region size 1024K, 38 young (38912K), 2 survivors (2048K)
 Metaspace       used 12418K, committed 12608K, reserved 1114112K
  class space    used 1349K, committed 1408K, reserved 1048576K
}
Event: 0.823 GC heap after
{Heap after GC invocations=2 (full 0):
 garbage-first heap   total 227328K, used 10631K [0x0000000080000000, 0x0000000100000000)
  region size 1024K, 5 young (5120K), 5 survivors (5120K)
 Metaspace       used 12418K, committed 12608K, reserved 1114112K
  class space    used 1349K, committed 1408K, reserved 1048576K
}
Event: 1.601 GC heap before
{Heap before GC invocations=2 (full 0):
 garbage-first heap   total 227328K, used 77191K [0x0000000080000000, 0x0000000100000000)
  region size 1024K, 68 young (69632K), 5 survivors (5120K)
 Metaspace       used 19914K, committed 20288K, reserved 1114112K
  class space    used 2327K, committed 2496K, reserved 1048576K
}
Event: 1.607 GC heap after
{Heap after GC invocations=3 (full 0):
 garbage-first heap   total 227328K, used 18973K [0x0000000080000000, 0x0000000100000000)
  region size 1024K, 9 young (9216K), 9 survivors (9216K)
 Metaspace       used 19914K, committed 20288K, reserved 1114112K
  class space    used 2327K, committed 2496K, reserved 1048576K
}
Event: 1.680 GC heap before
{Heap before GC invocations=3 (full 0):
 garbage-first heap   total 227328K, used 25117K [0x0000000080000000, 0x0000000100000000)
  region size 1024K, 16 young (16384K), 9 survivors (9216K)
 Metaspace       used 21254K, committed 21504K, reserved 1114112K
  class space    used 2509K, committed 2624K, reserved 1048576K
}
Event: 1.683 GC heap after
{Heap after GC invocations=4 (full 0):
 garbage-first heap   total 227328K, used 20271K [0x0000000080000000, 0x0000000100000000)
  region size 1024K, 6 young (6144K), 6 survivors (6144K)
 Metaspace       used 21254K, committed 21504K, reserved 1114112K
  class space    used 2509K, committed 2624K, reserved 1048576K
}
Event: 2.274 GC heap before
{Heap before GC invocations=5 (full 0):
 garbage-first heap   total 68608K, used 68399K [0x0000000080000000, 0x0000000100000000)
  region size 1024K, 53 young (54272K), 6 survivors (6144K)
 Metaspace       used 29090K, committed 29632K, reserved 1114112K
  class space    used 3770K, committed 4032K, reserved 1048576K
}
Event: 2.278 GC heap after
{Heap after GC invocations=6 (full 0):
 garbage-first heap   total 77824K, used 22448K [0x0000000080000000, 0x0000000100000000)
  region size 1024K, 9 young (9216K), 9 survivors (9216K)
 Metaspace       used 29090K, committed 29632K, reserved 1114112K
  class space    used 3770K, committed 4032K, reserved 1048576K
}
Event: 2.675 GC heap before
{Heap before GC invocations=6 (full 0):
 garbage-first heap   total 77824K, used 58288K [0x0000000080000000, 0x0000000100000000)
  region size 1024K, 45 young (46080K), 9 survivors (9216K)
 Metaspace       used 33707K, committed 34432K, reserved 1114112K
  class space    used 4591K, committed 4928K, reserved 1048576K
}
Event: 2.679 GC heap after
{Heap after GC invocations=7 (full 0):
 garbage-first heap   total 77824K, used 25024K [0x0000000080000000, 0x0000000100000000)
  region size 1024K, 6 young (6144K), 6 survivors (6144K)
 Metaspace       used 33707K, committed 34432K, reserved 1114112K
  class space    used 4591K, committed 4928K, reserved 1048576K
}
Event: 2.785 GC heap before
{Heap before GC invocations=7 (full 0):
 garbage-first heap   total 77824K, used 34240K [0x0000000080000000, 0x0000000100000000)
  region size 1024K, 16 young (16384K), 6 survivors (6144K)
 Metaspace       used 35158K, committed 35968K, reserved 1114112K
  class space    used 4869K, committed 5248K, reserved 1048576K
}
Event: 2.788 GC heap after
{Heap after GC invocations=8 (full 0):
 garbage-first heap   total 77824K, used 25482K [0x0000000080000000, 0x0000000100000000)
  region size 1024K, 4 young (4096K), 4 survivors (4096K)
 Metaspace       used 35158K, committed 35968K, reserved 1114112K
  class space    used 4869K, committed 5248K, reserved 1048576K
}
Event: 3.105 GC heap before
{Heap before GC invocations=9 (full 0):
 garbage-first heap   total 77824K, used 75658K [0x0000000080000000, 0x0000000100000000)
  region size 1024K, 26 young (26624K), 4 survivors (4096K)
 Metaspace       used 37179K, committed 38080K, reserved 1114112K
  class space    used 5231K, committed 5632K, reserved 1048576K
}
Event: 3.110 GC heap after
{Heap after GC invocations=10 (full 0):
 garbage-first heap   total 88064K, used 60983K [0x0000000080000000, 0x0000000100000000)
  region size 1024K, 6 young (6144K), 6 survivors (6144K)
 Metaspace       used 37179K, committed 38080K, reserved 1114112K
  class space    used 5231K, committed 5632K, reserved 1048576K
}
Event: 3.276 GC heap before
{Heap before GC invocations=10 (full 0):
 garbage-first heap   total 88064K, used 76343K [0x0000000080000000, 0x0000000100000000)
  region size 1024K, 21 young (21504K), 6 survivors (6144K)
 Metaspace       used 39164K, committed 40128K, reserved 1114112K
  class space    used 5512K, committed 5952K, reserved 1048576K
}
Event: 3.279 GC heap after
{Heap after GC invocations=11 (full 0):
 garbage-first heap   total 88064K, used 61547K [0x0000000080000000, 0x0000000100000000)
  region size 1024K, 1 young (1024K), 1 survivors (1024K)
 Metaspace       used 39164K, committed 40128K, reserved 1114112K
  class space    used 5512K, committed 5952K, reserved 1048576K
}
Event: 3.512 GC heap before
{Heap before GC invocations=11 (full 0):
 garbage-first heap   total 88064K, used 77931K [0x0000000080000000, 0x0000000100000000)
  region size 1024K, 18 young (18432K), 1 survivors (1024K)
 Metaspace       used 41661K, committed 42688K, reserved 1114112K
  class space    used 5914K, committed 6400K, reserved 1048576K
}

